<<<<<<< HEAD
Symlinking /home/chahatdeep/bebop_ws/devel/share/bebop_driver/docs/BebopArdrone3Config.wikidoc
Symlinking /home/chahatdeep/bebop_ws/devel/share/bebop_driver/docs/BebopArdrone3Config.dox
Symlinking /home/chahatdeep/bebop_ws/devel/share/bebop_driver/docs/BebopArdrone3Config-usage.dox
Symlinking /home/chahatdeep/bebop_ws/devel/share/bebop_driver/cmake/bebop_driverConfig.cmake
Symlinking /home/chahatdeep/bebop_ws/devel/share/bebop_driver/cmake/bebop_driverConfig-version.cmake
Symlinking /home/chahatdeep/bebop_ws/devel/include/bebop_driver/BebopArdrone3Config.h
Symlinking /home/chahatdeep/bebop_ws/devel/lib/libbebop.so
Symlinking /home/chahatdeep/bebop_ws/devel/lib/libbebop_driver_nodelet.so
Symlinking /home/chahatdeep/bebop_ws/devel/lib/bebop_driver/bebop_driver_node
Symlinking /home/chahatdeep/bebop_ws/devel/lib/pkgconfig/bebop_driver.pc
Symlinking /home/chahatdeep/bebop_ws/devel/lib/python2.7/dist-packages/bebop_driver/__init__.py
Symlinking /home/chahatdeep/bebop_ws/devel/lib/python2.7/dist-packages/bebop_driver/cfg/__init__.py
Symlinking /home/chahatdeep/bebop_ws/devel/lib/python2.7/dist-packages/bebop_driver/cfg/BebopArdrone3Config.py
=======
Linked: (/home/dronelaptop/bebop_ws/devel/.private/bebop_driver/share/bebop_driver/docs/BebopArdrone3Config.wikidoc, /home/dronelaptop/bebop_ws/devel/share/bebop_driver/docs/BebopArdrone3Config.wikidoc)
Linked: (/home/dronelaptop/bebop_ws/devel/.private/bebop_driver/share/bebop_driver/docs/BebopArdrone3Config-usage.dox, /home/dronelaptop/bebop_ws/devel/share/bebop_driver/docs/BebopArdrone3Config-usage.dox)
Linked: (/home/dronelaptop/bebop_ws/devel/.private/bebop_driver/share/bebop_driver/docs/BebopArdrone3Config.dox, /home/dronelaptop/bebop_ws/devel/share/bebop_driver/docs/BebopArdrone3Config.dox)
Linked: (/home/dronelaptop/bebop_ws/devel/.private/bebop_driver/share/bebop_driver/cmake/bebop_driverConfig-version.cmake, /home/dronelaptop/bebop_ws/devel/share/bebop_driver/cmake/bebop_driverConfig-version.cmake)
Linked: (/home/dronelaptop/bebop_ws/devel/.private/bebop_driver/share/bebop_driver/cmake/bebop_driverConfig.cmake, /home/dronelaptop/bebop_ws/devel/share/bebop_driver/cmake/bebop_driverConfig.cmake)
Linked: (/home/dronelaptop/bebop_ws/devel/.private/bebop_driver/lib/libbebop_driver_nodelet.so, /home/dronelaptop/bebop_ws/devel/lib/libbebop_driver_nodelet.so)
Linked: (/home/dronelaptop/bebop_ws/devel/.private/bebop_driver/lib/libbebop.so, /home/dronelaptop/bebop_ws/devel/lib/libbebop.so)
Linked: (/home/dronelaptop/bebop_ws/devel/.private/bebop_driver/lib/pkgconfig/bebop_driver.pc, /home/dronelaptop/bebop_ws/devel/lib/pkgconfig/bebop_driver.pc)
Linked: (/home/dronelaptop/bebop_ws/devel/.private/bebop_driver/lib/bebop_driver/bebop_driver_node, /home/dronelaptop/bebop_ws/devel/lib/bebop_driver/bebop_driver_node)
Linked: (/home/dronelaptop/bebop_ws/devel/.private/bebop_driver/lib/python2.7/dist-packages/bebop_driver/__init__.py, /home/dronelaptop/bebop_ws/devel/lib/python2.7/dist-packages/bebop_driver/__init__.py)
Linked: (/home/dronelaptop/bebop_ws/devel/.private/bebop_driver/lib/python2.7/dist-packages/bebop_driver/cfg/BebopArdrone3Config.py, /home/dronelaptop/bebop_ws/devel/lib/python2.7/dist-packages/bebop_driver/cfg/BebopArdrone3Config.py)
Linked: (/home/dronelaptop/bebop_ws/devel/.private/bebop_driver/lib/python2.7/dist-packages/bebop_driver/cfg/__init__.py, /home/dronelaptop/bebop_ws/devel/lib/python2.7/dist-packages/bebop_driver/cfg/__init__.py)
Linked: (/home/dronelaptop/bebop_ws/devel/.private/bebop_driver/include/bebop_driver/BebopArdrone3Config.h, /home/dronelaptop/bebop_ws/devel/include/bebop_driver/BebopArdrone3Config.h)
>>>>>>> f834c4515e8cc313d37640e4cacaaf3de5c3f16c
