Symlinking /home/dronelaptop/bebop_ws/devel/share/vicon/cmake/vicon-msg-paths.cmake
Symlinking /home/dronelaptop/bebop_ws/devel/share/vicon/cmake/viconConfig-version.cmake
Symlinking /home/dronelaptop/bebop_ws/devel/share/vicon/cmake/vicon-msg-extras.cmake
Symlinking /home/dronelaptop/bebop_ws/devel/share/vicon/cmake/viconConfig.cmake
Symlinking /home/dronelaptop/bebop_ws/devel/share/roseus/ros/vicon/manifest.l
Symlinking /home/dronelaptop/bebop_ws/devel/share/roseus/ros/vicon/msg/Subject.l
Symlinking /home/dronelaptop/bebop_ws/devel/share/roseus/ros/vicon/msg/Marker.l
Symlinking /home/dronelaptop/bebop_ws/devel/share/roseus/ros/vicon/msg/Markers.l
Symlinking /home/dronelaptop/bebop_ws/devel/share/roseus/ros/vicon/srv/SetPose.l
Symlinking /home/dronelaptop/bebop_ws/devel/share/gennodejs/ros/vicon/_index.js
Symlinking /home/dronelaptop/bebop_ws/devel/share/gennodejs/ros/vicon/msg/_index.js
Symlinking /home/dronelaptop/bebop_ws/devel/share/gennodejs/ros/vicon/msg/Subject.js
Symlinking /home/dronelaptop/bebop_ws/devel/share/gennodejs/ros/vicon/msg/Markers.js
Symlinking /home/dronelaptop/bebop_ws/devel/share/gennodejs/ros/vicon/msg/Marker.js
Symlinking /home/dronelaptop/bebop_ws/devel/share/gennodejs/ros/vicon/srv/_index.js
Symlinking /home/dronelaptop/bebop_ws/devel/share/gennodejs/ros/vicon/srv/SetPose.js
Symlinking /home/dronelaptop/bebop_ws/devel/share/common-lisp/ros/vicon/msg/_package_Subject.lisp
Symlinking /home/dronelaptop/bebop_ws/devel/share/common-lisp/ros/vicon/msg/vicon-msg.asd
Symlinking /home/dronelaptop/bebop_ws/devel/share/common-lisp/ros/vicon/msg/_package_Marker.lisp
Symlinking /home/dronelaptop/bebop_ws/devel/share/common-lisp/ros/vicon/msg/Markers.lisp
Symlinking /home/dronelaptop/bebop_ws/devel/share/common-lisp/ros/vicon/msg/_package.lisp
Symlinking /home/dronelaptop/bebop_ws/devel/share/common-lisp/ros/vicon/msg/_package_Markers.lisp
Symlinking /home/dronelaptop/bebop_ws/devel/share/common-lisp/ros/vicon/msg/Subject.lisp
Symlinking /home/dronelaptop/bebop_ws/devel/share/common-lisp/ros/vicon/msg/Marker.lisp
Symlinking /home/dronelaptop/bebop_ws/devel/share/common-lisp/ros/vicon/srv/_package_SetPose.lisp
Symlinking /home/dronelaptop/bebop_ws/devel/share/common-lisp/ros/vicon/srv/_package.lisp
Symlinking /home/dronelaptop/bebop_ws/devel/share/common-lisp/ros/vicon/srv/SetPose.lisp
Symlinking /home/dronelaptop/bebop_ws/devel/share/common-lisp/ros/vicon/srv/vicon-srv.asd
Symlinking /home/dronelaptop/bebop_ws/devel/lib/vicon/vicon_visualize_markers
Symlinking /home/dronelaptop/bebop_ws/devel/lib/vicon/vicon
Symlinking /home/dronelaptop/bebop_ws/devel/lib/vicon/vicon_calibrate
Symlinking /home/dronelaptop/bebop_ws/devel/lib/pkgconfig/vicon.pc
Symlinking /home/dronelaptop/bebop_ws/devel/lib/python2.7/dist-packages/vicon/__init__.py
Symlinking /home/dronelaptop/bebop_ws/devel/lib/python2.7/dist-packages/vicon/msg/_Markers.py
Symlinking /home/dronelaptop/bebop_ws/devel/lib/python2.7/dist-packages/vicon/msg/_Marker.py
Symlinking /home/dronelaptop/bebop_ws/devel/lib/python2.7/dist-packages/vicon/msg/_Subject.py
Symlinking /home/dronelaptop/bebop_ws/devel/lib/python2.7/dist-packages/vicon/msg/__init__.py
Symlinking /home/dronelaptop/bebop_ws/devel/lib/python2.7/dist-packages/vicon/srv/_SetPose.py
Symlinking /home/dronelaptop/bebop_ws/devel/lib/python2.7/dist-packages/vicon/srv/__init__.py
Symlinking /home/dronelaptop/bebop_ws/devel/include/vicon/SetPoseRequest.h
Symlinking /home/dronelaptop/bebop_ws/devel/include/vicon/Marker.h
Symlinking /home/dronelaptop/bebop_ws/devel/include/vicon/Markers.h
Symlinking /home/dronelaptop/bebop_ws/devel/include/vicon/SetPose.h
Symlinking /home/dronelaptop/bebop_ws/devel/include/vicon/SetPoseResponse.h
Symlinking /home/dronelaptop/bebop_ws/devel/include/vicon/Subject.h
