Not searching for unused variables given on the command line.
[36m--[0m The C compiler identification is GNU 5.4.0
[36m--[0m The CXX compiler identification is GNU 5.4.0
[36m--[0m Check for working C compiler: /usr/bin/cc
[36m--[0m Check for working C compiler: /usr/bin/cc -- works
[36m--[0m Detecting C compiler ABI info
[36m--[0m Detecting C compiler ABI info - done
[36m--[0m Detecting C compile features
[36m--[0m Detecting C compile features - done
[36m--[0m Check for working CXX compiler: /usr/bin/c++
[36m--[0m Check for working CXX compiler: /usr/bin/c++ -- works
[36m--[0m Detecting CXX compiler ABI info
[36m--[0m Detecting CXX compiler ABI info - done
[36m--[0m Detecting CXX compile features
[36m--[0m Detecting CXX compile features - done
[36m--[0m Using CATKIN_DEVEL_PREFIX: /home/dronelaptop/bebop_ws/devel/.private/bebop_msgs
[36m--[0m Using CMAKE_PREFIX_PATH: /home/dronelaptop/bebop_ws/devel;/opt/ros/kinetic
[36m--[0m This workspace overlays: /home/dronelaptop/bebop_ws/devel;/opt/ros/kinetic
[36m--[0m Found PythonInterp: /usr/bin/python (found version "2.7.12")
[36m--[0m Using PYTHON_EXECUTABLE: /usr/bin/python
[36m--[0m Using Debian Python package layout
[36m--[0m Using empy: /usr/bin/empy
[36m--[0m Using CATKIN_ENABLE_TESTING: ON
[36m--[0m Call enable_testing()
[36m--[0m Using CATKIN_TEST_RESULTS_DIR: /home/dronelaptop/bebop_ws/build/bebop_msgs/test_results
[36m--[0m Looking for pthread.h
[36m--[0m Looking for pthread.h - found
[36m--[0m Looking for pthread_create
[36m--[0m Looking for pthread_create - not found
[36m--[0m Looking for pthread_create in pthreads
[36m--[0m Looking for pthread_create in pthreads - not found
[36m--[0m Looking for pthread_create in pthread
[36m--[0m Looking for pthread_create in pthread - found
[36m--[0m Found Threads: TRUE
[36m--[0m Found gtest sources under '/usr/src/gtest': gtests will be built
[36m--[0m Using Python nosetests: /usr/bin/nosetests-2.7
[36m--[0m catkin 0.7.6
[36m--[0m Using these message generators: gencpp;geneus;genlisp;gennodejs;genpy
[36m--[0m All msg files: autogenerated/Ardrone3AntiflickeringStatemodeChanged.msg;autogenerated/Ardrone3MediaStreamingStateVideoStreamModeChanged.msg;autogenerated/CommonCalibrationStateMagnetoCalibrationStateChanged.msg;autogenerated/Ardrone3GPSStateHomeTypeAvailabilityChanged.msg;autogenerated/Ardrone3PilotingStateAttitudeChanged.msg;autogenerated/CommonChargerStateLastChargeRateChanged.msg;autogenerated/CommonOverHeatStateOverHeatChanged.msg;autogenerated/CommonCommonStateProductModel.msg;autogenerated/CommonCommonStateMassStorageContentForCurrentRun.msg;autogenerated/CommonMavlinkStateMavlinkPlayErrorStateChanged.msg;autogenerated/CommonFlightPlanStateComponentStateListChanged.msg;autogenerated/Ardrone3PilotingStateAlertStateChanged.msg;autogenerated/CommonCommonStateWifiSignalChanged.msg;autogenerated/Ardrone3CameraStateOrientationV2.msg;autogenerated/CommonHeadlightsStateintensityChanged.msg;autogenerated/CommonAudioStateAudioStreamingRunning.msg;autogenerated/CommonAccessoryStateSupportedAccessoriesListChanged.msg;autogenerated/Ardrone3PilotingStateGpsLocationChanged.msg;autogenerated/Ardrone3MediaRecordStateVideoStateChanged.msg;autogenerated/CommonAccessoryStateAccessoryConfigModificationEnabled.msg;autogenerated/CommonCalibrationStateMagnetoCalibrationRequiredState.msg;autogenerated/CommonChargerStateMaxChargeRateChanged.msg;autogenerated/Ardrone3PilotingStateAirSpeedChanged.msg;autogenerated/CommonCommonStateMassStorageInfoRemainingListChanged.msg;autogenerated/Ardrone3NetworkStateAllWifiAuthChannelChanged.msg;autogenerated/CommonChargerStateCurrentChargeStateChanged.msg;autogenerated/CommonCalibrationStatePitotCalibrationStateChanged.msg;autogenerated/Ardrone3PilotingStateNavigateHomeStateChanged.msg;autogenerated/CommonARLibsVersionsStateSkyControllerLibARCommandsVersion.msg;autogenerated/Ardrone3GPSStateNumberOfSatelliteChanged.msg;autogenerated/CommonOverHeatStateOverHeatRegulationChanged.msg;autogenerated/Ardrone3NetworkStateWifiScanListChanged.msg;autogenerated/Ardrone3PilotingStateSpeedChanged.msg;autogenerated/Ardrone3CameraStatedefaultCameraOrientationV2.msg;autogenerated/CommonCommonStateCurrentTimeChanged.msg;autogenerated/CommonCommonStateCountryListKnown.msg;autogenerated/Ardrone3PilotingStateFlatTrimChanged.msg;autogenerated/Ardrone3AntiflickeringStateelectricFrequencyChanged.msg;autogenerated/CommonCommonStateAllStatesChanged.msg;autogenerated/CommonAnimationsStateList.msg;autogenerated/CommonCommonStateDeprecatedMassStorageContentChanged.msg;autogenerated/CommonCommonStateCurrentDateChanged.msg;autogenerated/Ardrone3GPSStateHomeTypeChosenChanged.msg;autogenerated/Ardrone3PilotingStateLandingStateChanged.msg;autogenerated/CommonMavlinkStateMavlinkFilePlayingStateChanged.msg;autogenerated/Ardrone3CameraStateOrientation.msg;autogenerated/Ardrone3AccessoryStateConnectedAccessories.msg;autogenerated/CommonCommonStateBatteryStateChanged.msg;autogenerated/CommonFlightPlanStateAvailabilityStateChanged.msg;autogenerated/Ardrone3PilotingStateAltitudeChanged.msg;autogenerated/CommonCalibrationStateMagnetoCalibrationStartedChanged.msg;autogenerated/Ardrone3MediaRecordStateVideoStateChangedV2.msg;autogenerated/Ardrone3PROStateFeatures.msg;autogenerated/Ardrone3PilotingStateAutoTakeOffModeChanged.msg;autogenerated/Ardrone3PilotingStateFlyingStateChanged.msg;autogenerated/CommonCommonStateVideoRecordingTimestamp.msg;autogenerated/Ardrone3CameraStateVelocityRange.msg;autogenerated/CommonFlightPlanStateLockStateChanged.msg;autogenerated/CommonCommonStateMassStorageStateListChanged.msg;autogenerated/CommonCommonStateMassStorageInfoStateListChanged.msg;autogenerated/Ardrone3PilotingStatePositionChanged.msg;autogenerated/CommonChargerStateChargingInfo.msg;autogenerated/CommonRunStateRunIdChanged.msg;autogenerated/CommonARLibsVersionsStateControllerLibARCommandsVersion.msg;autogenerated/Ardrone3NetworkStateAllWifiScanChanged.msg;autogenerated/Ardrone3MediaRecordStateVideoResolutionState.msg;autogenerated/CommonCommonStateSensorsStatesListChanged.msg;autogenerated/Ardrone3MediaStreamingStateVideoEnableChanged.msg;autogenerated/Ardrone3MediaRecordStatePictureStateChangedV2.msg;autogenerated/Ardrone3CameraStatedefaultCameraOrientation.msg;autogenerated/Ardrone3NetworkStateWifiAuthChannelListChanged.msg;autogenerated/CommonARLibsVersionsStateDeviceLibARCommandsVersion.msg;autogenerated/CommonCommonStateMassStorageContent.msg;autogenerated/CommonMavlinkStateMissionItemExecuted.msg;autogenerated/CommonAccessoryStateAccessoryConfigChanged.msg;autogenerated/Ardrone3MediaRecordStatePictureStateChanged.msg;autogenerated/CommonCalibrationStateMagnetoCalibrationAxisToCalibrateChanged.msg;autogenerated/Ardrone3PilotingStatemoveToChanged.msg
[36m--[0m bebop_msgs: 78 messages, 0 services
[36m--[0m Configuring done
[36m--[0m Generating done
[36m--[0m Build files have been written to: /home/dronelaptop/bebop_ws/build/bebop_msgs
