Determining if the pthread_create exist failed with the following output:
<<<<<<< HEAD
Change Dir: /home/chahatdeep/bebop_ws/build/bebop_msgs/CMakeFiles/CMakeTmp

Run Build Command:"/usr/bin/make" "cmTC_4743f/fast"
/usr/bin/make -f CMakeFiles/cmTC_4743f.dir/build.make CMakeFiles/cmTC_4743f.dir/build
make[1]: Entering directory '/home/chahatdeep/bebop_ws/build/bebop_msgs/CMakeFiles/CMakeTmp'
Building C object CMakeFiles/cmTC_4743f.dir/CheckSymbolExists.c.o
/usr/bin/cc     -o CMakeFiles/cmTC_4743f.dir/CheckSymbolExists.c.o   -c /home/chahatdeep/bebop_ws/build/bebop_msgs/CMakeFiles/CMakeTmp/CheckSymbolExists.c
Linking C executable cmTC_4743f
/usr/bin/cmake -E cmake_link_script CMakeFiles/cmTC_4743f.dir/link.txt --verbose=1
/usr/bin/cc       CMakeFiles/cmTC_4743f.dir/CheckSymbolExists.c.o  -o cmTC_4743f -rdynamic 
CMakeFiles/cmTC_4743f.dir/CheckSymbolExists.c.o: In function `main':
CheckSymbolExists.c:(.text+0x16): undefined reference to `pthread_create'
collect2: error: ld returned 1 exit status
CMakeFiles/cmTC_4743f.dir/build.make:97: recipe for target 'cmTC_4743f' failed
make[1]: *** [cmTC_4743f] Error 1
make[1]: Leaving directory '/home/chahatdeep/bebop_ws/build/bebop_msgs/CMakeFiles/CMakeTmp'
Makefile:126: recipe for target 'cmTC_4743f/fast' failed
make: *** [cmTC_4743f/fast] Error 2

File /home/chahatdeep/bebop_ws/build/bebop_msgs/CMakeFiles/CMakeTmp/CheckSymbolExists.c:
=======
Change Dir: /home/dronelaptop/bebop_ws/build/bebop_msgs/CMakeFiles/CMakeTmp

Run Build Command:"/usr/bin/make" "cmTC_12198/fast"
/usr/bin/make -f CMakeFiles/cmTC_12198.dir/build.make CMakeFiles/cmTC_12198.dir/build
make[1]: Entering directory '/home/dronelaptop/bebop_ws/build/bebop_msgs/CMakeFiles/CMakeTmp'
Building C object CMakeFiles/cmTC_12198.dir/CheckSymbolExists.c.o
/usr/bin/cc     -o CMakeFiles/cmTC_12198.dir/CheckSymbolExists.c.o   -c /home/dronelaptop/bebop_ws/build/bebop_msgs/CMakeFiles/CMakeTmp/CheckSymbolExists.c
Linking C executable cmTC_12198
/usr/bin/cmake -E cmake_link_script CMakeFiles/cmTC_12198.dir/link.txt --verbose=1
/usr/bin/cc       CMakeFiles/cmTC_12198.dir/CheckSymbolExists.c.o  -o cmTC_12198 -rdynamic 
CMakeFiles/cmTC_12198.dir/CheckSymbolExists.c.o: In function `main':
CheckSymbolExists.c:(.text+0x16): undefined reference to `pthread_create'
collect2: error: ld returned 1 exit status
CMakeFiles/cmTC_12198.dir/build.make:97: recipe for target 'cmTC_12198' failed
make[1]: *** [cmTC_12198] Error 1
make[1]: Leaving directory '/home/dronelaptop/bebop_ws/build/bebop_msgs/CMakeFiles/CMakeTmp'
Makefile:126: recipe for target 'cmTC_12198/fast' failed
make: *** [cmTC_12198/fast] Error 2

File /home/dronelaptop/bebop_ws/build/bebop_msgs/CMakeFiles/CMakeTmp/CheckSymbolExists.c:
>>>>>>> f834c4515e8cc313d37640e4cacaaf3de5c3f16c
/* */
#include <pthread.h>

int main(int argc, char** argv)
{
  (void)argv;
#ifndef pthread_create
  return ((int*)(&pthread_create))[argc];
#else
  (void)argc;
  return 0;
#endif
}

Determining if the function pthread_create exists in the pthreads failed with the following output:
<<<<<<< HEAD
Change Dir: /home/chahatdeep/bebop_ws/build/bebop_msgs/CMakeFiles/CMakeTmp

Run Build Command:"/usr/bin/make" "cmTC_fd4a1/fast"
/usr/bin/make -f CMakeFiles/cmTC_fd4a1.dir/build.make CMakeFiles/cmTC_fd4a1.dir/build
make[1]: Entering directory '/home/chahatdeep/bebop_ws/build/bebop_msgs/CMakeFiles/CMakeTmp'
Building C object CMakeFiles/cmTC_fd4a1.dir/CheckFunctionExists.c.o
/usr/bin/cc    -DCHECK_FUNCTION_EXISTS=pthread_create   -o CMakeFiles/cmTC_fd4a1.dir/CheckFunctionExists.c.o   -c /usr/share/cmake-3.5/Modules/CheckFunctionExists.c
Linking C executable cmTC_fd4a1
/usr/bin/cmake -E cmake_link_script CMakeFiles/cmTC_fd4a1.dir/link.txt --verbose=1
/usr/bin/cc   -DCHECK_FUNCTION_EXISTS=pthread_create    CMakeFiles/cmTC_fd4a1.dir/CheckFunctionExists.c.o  -o cmTC_fd4a1 -rdynamic -lpthreads 
/usr/bin/ld: cannot find -lpthreads
collect2: error: ld returned 1 exit status
CMakeFiles/cmTC_fd4a1.dir/build.make:97: recipe for target 'cmTC_fd4a1' failed
make[1]: *** [cmTC_fd4a1] Error 1
make[1]: Leaving directory '/home/chahatdeep/bebop_ws/build/bebop_msgs/CMakeFiles/CMakeTmp'
Makefile:126: recipe for target 'cmTC_fd4a1/fast' failed
make: *** [cmTC_fd4a1/fast] Error 2
=======
Change Dir: /home/dronelaptop/bebop_ws/build/bebop_msgs/CMakeFiles/CMakeTmp

Run Build Command:"/usr/bin/make" "cmTC_70887/fast"
/usr/bin/make -f CMakeFiles/cmTC_70887.dir/build.make CMakeFiles/cmTC_70887.dir/build
make[1]: Entering directory '/home/dronelaptop/bebop_ws/build/bebop_msgs/CMakeFiles/CMakeTmp'
Building C object CMakeFiles/cmTC_70887.dir/CheckFunctionExists.c.o
/usr/bin/cc    -DCHECK_FUNCTION_EXISTS=pthread_create   -o CMakeFiles/cmTC_70887.dir/CheckFunctionExists.c.o   -c /usr/share/cmake-3.5/Modules/CheckFunctionExists.c
Linking C executable cmTC_70887
/usr/bin/cmake -E cmake_link_script CMakeFiles/cmTC_70887.dir/link.txt --verbose=1
/usr/bin/cc   -DCHECK_FUNCTION_EXISTS=pthread_create    CMakeFiles/cmTC_70887.dir/CheckFunctionExists.c.o  -o cmTC_70887 -rdynamic -lpthreads 
/usr/bin/ld: cannot find -lpthreads
collect2: error: ld returned 1 exit status
CMakeFiles/cmTC_70887.dir/build.make:97: recipe for target 'cmTC_70887' failed
make[1]: *** [cmTC_70887] Error 1
make[1]: Leaving directory '/home/dronelaptop/bebop_ws/build/bebop_msgs/CMakeFiles/CMakeTmp'
Makefile:126: recipe for target 'cmTC_70887/fast' failed
make: *** [cmTC_70887/fast] Error 2
>>>>>>> f834c4515e8cc313d37640e4cacaaf3de5c3f16c


