Determining if the pthread_create exist failed with the following output:
Change Dir: /home/chahatdeep/bebop_ws/build/catkin_tools_prebuild/CMakeFiles/CMakeTmp

Run Build Command:"/usr/bin/make" "cmTC_c3336/fast"
/usr/bin/make -f CMakeFiles/cmTC_c3336.dir/build.make CMakeFiles/cmTC_c3336.dir/build
make[1]: Entering directory '/home/chahatdeep/bebop_ws/build/catkin_tools_prebuild/CMakeFiles/CMakeTmp'
Building C object CMakeFiles/cmTC_c3336.dir/CheckSymbolExists.c.o
/usr/bin/cc     -o CMakeFiles/cmTC_c3336.dir/CheckSymbolExists.c.o   -c /home/chahatdeep/bebop_ws/build/catkin_tools_prebuild/CMakeFiles/CMakeTmp/CheckSymbolExists.c
Linking C executable cmTC_c3336
/usr/bin/cmake -E cmake_link_script CMakeFiles/cmTC_c3336.dir/link.txt --verbose=1
/usr/bin/cc       CMakeFiles/cmTC_c3336.dir/CheckSymbolExists.c.o  -o cmTC_c3336 -rdynamic 
CMakeFiles/cmTC_c3336.dir/CheckSymbolExists.c.o: In function `main':
CheckSymbolExists.c:(.text+0x16): undefined reference to `pthread_create'
collect2: error: ld returned 1 exit status
CMakeFiles/cmTC_c3336.dir/build.make:97: recipe for target 'cmTC_c3336' failed
make[1]: *** [cmTC_c3336] Error 1
make[1]: Leaving directory '/home/chahatdeep/bebop_ws/build/catkin_tools_prebuild/CMakeFiles/CMakeTmp'
Makefile:126: recipe for target 'cmTC_c3336/fast' failed
make: *** [cmTC_c3336/fast] Error 2

File /home/chahatdeep/bebop_ws/build/catkin_tools_prebuild/CMakeFiles/CMakeTmp/CheckSymbolExists.c:
/* */
#include <pthread.h>

int main(int argc, char** argv)
{
  (void)argv;
#ifndef pthread_create
  return ((int*)(&pthread_create))[argc];
#else
  (void)argc;
  return 0;
#endif
}

Determining if the function pthread_create exists in the pthreads failed with the following output:
Change Dir: /home/chahatdeep/bebop_ws/build/catkin_tools_prebuild/CMakeFiles/CMakeTmp

Run Build Command:"/usr/bin/make" "cmTC_bace1/fast"
/usr/bin/make -f CMakeFiles/cmTC_bace1.dir/build.make CMakeFiles/cmTC_bace1.dir/build
make[1]: Entering directory '/home/chahatdeep/bebop_ws/build/catkin_tools_prebuild/CMakeFiles/CMakeTmp'
Building C object CMakeFiles/cmTC_bace1.dir/CheckFunctionExists.c.o
/usr/bin/cc    -DCHECK_FUNCTION_EXISTS=pthread_create   -o CMakeFiles/cmTC_bace1.dir/CheckFunctionExists.c.o   -c /usr/share/cmake-3.5/Modules/CheckFunctionExists.c
Linking C executable cmTC_bace1
/usr/bin/cmake -E cmake_link_script CMakeFiles/cmTC_bace1.dir/link.txt --verbose=1
/usr/bin/cc   -DCHECK_FUNCTION_EXISTS=pthread_create    CMakeFiles/cmTC_bace1.dir/CheckFunctionExists.c.o  -o cmTC_bace1 -rdynamic -lpthreads 
/usr/bin/ld: cannot find -lpthreads
collect2: error: ld returned 1 exit status
CMakeFiles/cmTC_bace1.dir/build.make:97: recipe for target 'cmTC_bace1' failed
make[1]: *** [cmTC_bace1] Error 1
make[1]: Leaving directory '/home/chahatdeep/bebop_ws/build/catkin_tools_prebuild/CMakeFiles/CMakeTmp'
Makefile:126: recipe for target 'cmTC_bace1/fast' failed
make: *** [cmTC_bace1/fast] Error 2


