Determining if the pthread_create exist failed with the following output:
<<<<<<< HEAD
Change Dir: /home/chahatdeep/bebop_ws/build/bebop_description/CMakeFiles/CMakeTmp

Run Build Command:"/usr/bin/make" "cmTC_6f46e/fast"
/usr/bin/make -f CMakeFiles/cmTC_6f46e.dir/build.make CMakeFiles/cmTC_6f46e.dir/build
make[1]: Entering directory '/home/chahatdeep/bebop_ws/build/bebop_description/CMakeFiles/CMakeTmp'
Building C object CMakeFiles/cmTC_6f46e.dir/CheckSymbolExists.c.o
/usr/bin/cc     -o CMakeFiles/cmTC_6f46e.dir/CheckSymbolExists.c.o   -c /home/chahatdeep/bebop_ws/build/bebop_description/CMakeFiles/CMakeTmp/CheckSymbolExists.c
Linking C executable cmTC_6f46e
/usr/bin/cmake -E cmake_link_script CMakeFiles/cmTC_6f46e.dir/link.txt --verbose=1
/usr/bin/cc       CMakeFiles/cmTC_6f46e.dir/CheckSymbolExists.c.o  -o cmTC_6f46e -rdynamic 
CMakeFiles/cmTC_6f46e.dir/CheckSymbolExists.c.o: In function `main':
CheckSymbolExists.c:(.text+0x16): undefined reference to `pthread_create'
collect2: error: ld returned 1 exit status
CMakeFiles/cmTC_6f46e.dir/build.make:97: recipe for target 'cmTC_6f46e' failed
make[1]: *** [cmTC_6f46e] Error 1
make[1]: Leaving directory '/home/chahatdeep/bebop_ws/build/bebop_description/CMakeFiles/CMakeTmp'
Makefile:126: recipe for target 'cmTC_6f46e/fast' failed
make: *** [cmTC_6f46e/fast] Error 2

File /home/chahatdeep/bebop_ws/build/bebop_description/CMakeFiles/CMakeTmp/CheckSymbolExists.c:
=======
Change Dir: /home/dronelaptop/bebop_ws/build/bebop_description/CMakeFiles/CMakeTmp

Run Build Command:"/usr/bin/make" "cmTC_c2bbe/fast"
/usr/bin/make -f CMakeFiles/cmTC_c2bbe.dir/build.make CMakeFiles/cmTC_c2bbe.dir/build
make[1]: Entering directory '/home/dronelaptop/bebop_ws/build/bebop_description/CMakeFiles/CMakeTmp'
Building C object CMakeFiles/cmTC_c2bbe.dir/CheckSymbolExists.c.o
/usr/bin/cc     -o CMakeFiles/cmTC_c2bbe.dir/CheckSymbolExists.c.o   -c /home/dronelaptop/bebop_ws/build/bebop_description/CMakeFiles/CMakeTmp/CheckSymbolExists.c
Linking C executable cmTC_c2bbe
/usr/bin/cmake -E cmake_link_script CMakeFiles/cmTC_c2bbe.dir/link.txt --verbose=1
/usr/bin/cc       CMakeFiles/cmTC_c2bbe.dir/CheckSymbolExists.c.o  -o cmTC_c2bbe -rdynamic 
CMakeFiles/cmTC_c2bbe.dir/CheckSymbolExists.c.o: In function `main':
CheckSymbolExists.c:(.text+0x16): undefined reference to `pthread_create'
collect2: error: ld returned 1 exit status
CMakeFiles/cmTC_c2bbe.dir/build.make:97: recipe for target 'cmTC_c2bbe' failed
make[1]: *** [cmTC_c2bbe] Error 1
make[1]: Leaving directory '/home/dronelaptop/bebop_ws/build/bebop_description/CMakeFiles/CMakeTmp'
Makefile:126: recipe for target 'cmTC_c2bbe/fast' failed
make: *** [cmTC_c2bbe/fast] Error 2

File /home/dronelaptop/bebop_ws/build/bebop_description/CMakeFiles/CMakeTmp/CheckSymbolExists.c:
>>>>>>> f834c4515e8cc313d37640e4cacaaf3de5c3f16c
/* */
#include <pthread.h>

int main(int argc, char** argv)
{
  (void)argv;
#ifndef pthread_create
  return ((int*)(&pthread_create))[argc];
#else
  (void)argc;
  return 0;
#endif
}

Determining if the function pthread_create exists in the pthreads failed with the following output:
<<<<<<< HEAD
Change Dir: /home/chahatdeep/bebop_ws/build/bebop_description/CMakeFiles/CMakeTmp

Run Build Command:"/usr/bin/make" "cmTC_4c33a/fast"
/usr/bin/make -f CMakeFiles/cmTC_4c33a.dir/build.make CMakeFiles/cmTC_4c33a.dir/build
make[1]: Entering directory '/home/chahatdeep/bebop_ws/build/bebop_description/CMakeFiles/CMakeTmp'
Building C object CMakeFiles/cmTC_4c33a.dir/CheckFunctionExists.c.o
/usr/bin/cc    -DCHECK_FUNCTION_EXISTS=pthread_create   -o CMakeFiles/cmTC_4c33a.dir/CheckFunctionExists.c.o   -c /usr/share/cmake-3.5/Modules/CheckFunctionExists.c
Linking C executable cmTC_4c33a
/usr/bin/cmake -E cmake_link_script CMakeFiles/cmTC_4c33a.dir/link.txt --verbose=1
/usr/bin/cc   -DCHECK_FUNCTION_EXISTS=pthread_create    CMakeFiles/cmTC_4c33a.dir/CheckFunctionExists.c.o  -o cmTC_4c33a -rdynamic -lpthreads 
/usr/bin/ld: cannot find -lpthreads
collect2: error: ld returned 1 exit status
CMakeFiles/cmTC_4c33a.dir/build.make:97: recipe for target 'cmTC_4c33a' failed
make[1]: *** [cmTC_4c33a] Error 1
make[1]: Leaving directory '/home/chahatdeep/bebop_ws/build/bebop_description/CMakeFiles/CMakeTmp'
Makefile:126: recipe for target 'cmTC_4c33a/fast' failed
make: *** [cmTC_4c33a/fast] Error 2
=======
Change Dir: /home/dronelaptop/bebop_ws/build/bebop_description/CMakeFiles/CMakeTmp

Run Build Command:"/usr/bin/make" "cmTC_773cb/fast"
/usr/bin/make -f CMakeFiles/cmTC_773cb.dir/build.make CMakeFiles/cmTC_773cb.dir/build
make[1]: Entering directory '/home/dronelaptop/bebop_ws/build/bebop_description/CMakeFiles/CMakeTmp'
Building C object CMakeFiles/cmTC_773cb.dir/CheckFunctionExists.c.o
/usr/bin/cc    -DCHECK_FUNCTION_EXISTS=pthread_create   -o CMakeFiles/cmTC_773cb.dir/CheckFunctionExists.c.o   -c /usr/share/cmake-3.5/Modules/CheckFunctionExists.c
Linking C executable cmTC_773cb
/usr/bin/cmake -E cmake_link_script CMakeFiles/cmTC_773cb.dir/link.txt --verbose=1
/usr/bin/cc   -DCHECK_FUNCTION_EXISTS=pthread_create    CMakeFiles/cmTC_773cb.dir/CheckFunctionExists.c.o  -o cmTC_773cb -rdynamic -lpthreads 
/usr/bin/ld: cannot find -lpthreads
collect2: error: ld returned 1 exit status
CMakeFiles/cmTC_773cb.dir/build.make:97: recipe for target 'cmTC_773cb' failed
make[1]: *** [cmTC_773cb] Error 1
make[1]: Leaving directory '/home/dronelaptop/bebop_ws/build/bebop_description/CMakeFiles/CMakeTmp'
Makefile:126: recipe for target 'cmTC_773cb/fast' failed
make: *** [cmTC_773cb/fast] Error 2
>>>>>>> f834c4515e8cc313d37640e4cacaaf3de5c3f16c


