Determining if the pthread_create exist failed with the following output:
Change Dir: /home/chahatdeep/bebop_ws/build/bebop_driver/CMakeFiles/CMakeTmp

Run Build Command:"/usr/bin/make" "cmTC_77bad/fast"
/usr/bin/make -f CMakeFiles/cmTC_77bad.dir/build.make CMakeFiles/cmTC_77bad.dir/build
make[1]: Entering directory '/home/chahatdeep/bebop_ws/build/bebop_driver/CMakeFiles/CMakeTmp'
Building C object CMakeFiles/cmTC_77bad.dir/CheckSymbolExists.c.o
/usr/bin/cc     -o CMakeFiles/cmTC_77bad.dir/CheckSymbolExists.c.o   -c /home/chahatdeep/bebop_ws/build/bebop_driver/CMakeFiles/CMakeTmp/CheckSymbolExists.c
Linking C executable cmTC_77bad
/usr/bin/cmake -E cmake_link_script CMakeFiles/cmTC_77bad.dir/link.txt --verbose=1
/usr/bin/cc       CMakeFiles/cmTC_77bad.dir/CheckSymbolExists.c.o  -o cmTC_77bad -rdynamic 
CMakeFiles/cmTC_77bad.dir/CheckSymbolExists.c.o: In function `main':
CheckSymbolExists.c:(.text+0x16): undefined reference to `pthread_create'
collect2: error: ld returned 1 exit status
CMakeFiles/cmTC_77bad.dir/build.make:97: recipe for target 'cmTC_77bad' failed
make[1]: *** [cmTC_77bad] Error 1
make[1]: Leaving directory '/home/chahatdeep/bebop_ws/build/bebop_driver/CMakeFiles/CMakeTmp'
Makefile:126: recipe for target 'cmTC_77bad/fast' failed
make: *** [cmTC_77bad/fast] Error 2

File /home/chahatdeep/bebop_ws/build/bebop_driver/CMakeFiles/CMakeTmp/CheckSymbolExists.c:
/* */
#include <pthread.h>

int main(int argc, char** argv)
{
  (void)argv;
#ifndef pthread_create
  return ((int*)(&pthread_create))[argc];
#else
  (void)argc;
  return 0;
#endif
}

Determining if the function pthread_create exists in the pthreads failed with the following output:
Change Dir: /home/chahatdeep/bebop_ws/build/bebop_driver/CMakeFiles/CMakeTmp

Run Build Command:"/usr/bin/make" "cmTC_ab746/fast"
/usr/bin/make -f CMakeFiles/cmTC_ab746.dir/build.make CMakeFiles/cmTC_ab746.dir/build
make[1]: Entering directory '/home/chahatdeep/bebop_ws/build/bebop_driver/CMakeFiles/CMakeTmp'
Building C object CMakeFiles/cmTC_ab746.dir/CheckFunctionExists.c.o
/usr/bin/cc    -DCHECK_FUNCTION_EXISTS=pthread_create   -o CMakeFiles/cmTC_ab746.dir/CheckFunctionExists.c.o   -c /usr/share/cmake-3.5/Modules/CheckFunctionExists.c
Linking C executable cmTC_ab746
/usr/bin/cmake -E cmake_link_script CMakeFiles/cmTC_ab746.dir/link.txt --verbose=1
/usr/bin/cc   -DCHECK_FUNCTION_EXISTS=pthread_create    CMakeFiles/cmTC_ab746.dir/CheckFunctionExists.c.o  -o cmTC_ab746 -rdynamic -lpthreads 
/usr/bin/ld: cannot find -lpthreads
collect2: error: ld returned 1 exit status
CMakeFiles/cmTC_ab746.dir/build.make:97: recipe for target 'cmTC_ab746' failed
make[1]: *** [cmTC_ab746] Error 1
make[1]: Leaving directory '/home/chahatdeep/bebop_ws/build/bebop_driver/CMakeFiles/CMakeTmp'
Makefile:126: recipe for target 'cmTC_ab746/fast' failed
make: *** [cmTC_ab746/fast] Error 2


