Determining if the pthread_create exist failed with the following output:
<<<<<<< HEAD
Change Dir: /home/chahatdeep/bebop_ws/build/bebop_tools/CMakeFiles/CMakeTmp

Run Build Command:"/usr/bin/make" "cmTC_4f81c/fast"
/usr/bin/make -f CMakeFiles/cmTC_4f81c.dir/build.make CMakeFiles/cmTC_4f81c.dir/build
make[1]: Entering directory '/home/chahatdeep/bebop_ws/build/bebop_tools/CMakeFiles/CMakeTmp'
Building C object CMakeFiles/cmTC_4f81c.dir/CheckSymbolExists.c.o
/usr/bin/cc     -o CMakeFiles/cmTC_4f81c.dir/CheckSymbolExists.c.o   -c /home/chahatdeep/bebop_ws/build/bebop_tools/CMakeFiles/CMakeTmp/CheckSymbolExists.c
Linking C executable cmTC_4f81c
/usr/bin/cmake -E cmake_link_script CMakeFiles/cmTC_4f81c.dir/link.txt --verbose=1
/usr/bin/cc       CMakeFiles/cmTC_4f81c.dir/CheckSymbolExists.c.o  -o cmTC_4f81c -rdynamic 
CMakeFiles/cmTC_4f81c.dir/CheckSymbolExists.c.o: In function `main':
CheckSymbolExists.c:(.text+0x16): undefined reference to `pthread_create'
collect2: error: ld returned 1 exit status
CMakeFiles/cmTC_4f81c.dir/build.make:97: recipe for target 'cmTC_4f81c' failed
make[1]: *** [cmTC_4f81c] Error 1
make[1]: Leaving directory '/home/chahatdeep/bebop_ws/build/bebop_tools/CMakeFiles/CMakeTmp'
Makefile:126: recipe for target 'cmTC_4f81c/fast' failed
make: *** [cmTC_4f81c/fast] Error 2

File /home/chahatdeep/bebop_ws/build/bebop_tools/CMakeFiles/CMakeTmp/CheckSymbolExists.c:
=======
Change Dir: /home/dronelaptop/bebop_ws/build/bebop_tools/CMakeFiles/CMakeTmp

Run Build Command:"/usr/bin/make" "cmTC_75b06/fast"
/usr/bin/make -f CMakeFiles/cmTC_75b06.dir/build.make CMakeFiles/cmTC_75b06.dir/build
make[1]: Entering directory '/home/dronelaptop/bebop_ws/build/bebop_tools/CMakeFiles/CMakeTmp'
Building C object CMakeFiles/cmTC_75b06.dir/CheckSymbolExists.c.o
/usr/bin/cc     -o CMakeFiles/cmTC_75b06.dir/CheckSymbolExists.c.o   -c /home/dronelaptop/bebop_ws/build/bebop_tools/CMakeFiles/CMakeTmp/CheckSymbolExists.c
Linking C executable cmTC_75b06
/usr/bin/cmake -E cmake_link_script CMakeFiles/cmTC_75b06.dir/link.txt --verbose=1
/usr/bin/cc       CMakeFiles/cmTC_75b06.dir/CheckSymbolExists.c.o  -o cmTC_75b06 -rdynamic 
CMakeFiles/cmTC_75b06.dir/CheckSymbolExists.c.o: In function `main':
CheckSymbolExists.c:(.text+0x16): undefined reference to `pthread_create'
collect2: error: ld returned 1 exit status
CMakeFiles/cmTC_75b06.dir/build.make:97: recipe for target 'cmTC_75b06' failed
make[1]: *** [cmTC_75b06] Error 1
make[1]: Leaving directory '/home/dronelaptop/bebop_ws/build/bebop_tools/CMakeFiles/CMakeTmp'
Makefile:126: recipe for target 'cmTC_75b06/fast' failed
make: *** [cmTC_75b06/fast] Error 2

File /home/dronelaptop/bebop_ws/build/bebop_tools/CMakeFiles/CMakeTmp/CheckSymbolExists.c:
>>>>>>> f834c4515e8cc313d37640e4cacaaf3de5c3f16c
/* */
#include <pthread.h>

int main(int argc, char** argv)
{
  (void)argv;
#ifndef pthread_create
  return ((int*)(&pthread_create))[argc];
#else
  (void)argc;
  return 0;
#endif
}

Determining if the function pthread_create exists in the pthreads failed with the following output:
<<<<<<< HEAD
Change Dir: /home/chahatdeep/bebop_ws/build/bebop_tools/CMakeFiles/CMakeTmp

Run Build Command:"/usr/bin/make" "cmTC_1a886/fast"
/usr/bin/make -f CMakeFiles/cmTC_1a886.dir/build.make CMakeFiles/cmTC_1a886.dir/build
make[1]: Entering directory '/home/chahatdeep/bebop_ws/build/bebop_tools/CMakeFiles/CMakeTmp'
Building C object CMakeFiles/cmTC_1a886.dir/CheckFunctionExists.c.o
/usr/bin/cc    -DCHECK_FUNCTION_EXISTS=pthread_create   -o CMakeFiles/cmTC_1a886.dir/CheckFunctionExists.c.o   -c /usr/share/cmake-3.5/Modules/CheckFunctionExists.c
Linking C executable cmTC_1a886
/usr/bin/cmake -E cmake_link_script CMakeFiles/cmTC_1a886.dir/link.txt --verbose=1
/usr/bin/cc   -DCHECK_FUNCTION_EXISTS=pthread_create    CMakeFiles/cmTC_1a886.dir/CheckFunctionExists.c.o  -o cmTC_1a886 -rdynamic -lpthreads 
/usr/bin/ld: cannot find -lpthreads
collect2: error: ld returned 1 exit status
CMakeFiles/cmTC_1a886.dir/build.make:97: recipe for target 'cmTC_1a886' failed
make[1]: *** [cmTC_1a886] Error 1
make[1]: Leaving directory '/home/chahatdeep/bebop_ws/build/bebop_tools/CMakeFiles/CMakeTmp'
Makefile:126: recipe for target 'cmTC_1a886/fast' failed
make: *** [cmTC_1a886/fast] Error 2
=======
Change Dir: /home/dronelaptop/bebop_ws/build/bebop_tools/CMakeFiles/CMakeTmp

Run Build Command:"/usr/bin/make" "cmTC_42f99/fast"
/usr/bin/make -f CMakeFiles/cmTC_42f99.dir/build.make CMakeFiles/cmTC_42f99.dir/build
make[1]: Entering directory '/home/dronelaptop/bebop_ws/build/bebop_tools/CMakeFiles/CMakeTmp'
Building C object CMakeFiles/cmTC_42f99.dir/CheckFunctionExists.c.o
/usr/bin/cc    -DCHECK_FUNCTION_EXISTS=pthread_create   -o CMakeFiles/cmTC_42f99.dir/CheckFunctionExists.c.o   -c /usr/share/cmake-3.5/Modules/CheckFunctionExists.c
Linking C executable cmTC_42f99
/usr/bin/cmake -E cmake_link_script CMakeFiles/cmTC_42f99.dir/link.txt --verbose=1
/usr/bin/cc   -DCHECK_FUNCTION_EXISTS=pthread_create    CMakeFiles/cmTC_42f99.dir/CheckFunctionExists.c.o  -o cmTC_42f99 -rdynamic -lpthreads 
/usr/bin/ld: cannot find -lpthreads
collect2: error: ld returned 1 exit status
CMakeFiles/cmTC_42f99.dir/build.make:97: recipe for target 'cmTC_42f99' failed
make[1]: *** [cmTC_42f99] Error 1
make[1]: Leaving directory '/home/dronelaptop/bebop_ws/build/bebop_tools/CMakeFiles/CMakeTmp'
Makefile:126: recipe for target 'cmTC_42f99/fast' failed
make: *** [cmTC_42f99/fast] Error 2
>>>>>>> f834c4515e8cc313d37640e4cacaaf3de5c3f16c


