Determining if the pthread_create exist failed with the following output:
Change Dir: /home/dronelaptop/bebop_ws/build/vicon_odom/CMakeFiles/CMakeTmp

Run Build Command:"/usr/bin/make" "cmTC_3757d/fast"
/usr/bin/make -f CMakeFiles/cmTC_3757d.dir/build.make CMakeFiles/cmTC_3757d.dir/build
make[1]: Entering directory '/home/dronelaptop/bebop_ws/build/vicon_odom/CMakeFiles/CMakeTmp'
Building C object CMakeFiles/cmTC_3757d.dir/CheckSymbolExists.c.o
/usr/bin/cc     -o CMakeFiles/cmTC_3757d.dir/CheckSymbolExists.c.o   -c /home/dronelaptop/bebop_ws/build/vicon_odom/CMakeFiles/CMakeTmp/CheckSymbolExists.c
Linking C executable cmTC_3757d
/usr/bin/cmake -E cmake_link_script CMakeFiles/cmTC_3757d.dir/link.txt --verbose=1
/usr/bin/cc       CMakeFiles/cmTC_3757d.dir/CheckSymbolExists.c.o  -o cmTC_3757d -rdynamic 
CMakeFiles/cmTC_3757d.dir/CheckSymbolExists.c.o: In function `main':
CheckSymbolExists.c:(.text+0x16): undefined reference to `pthread_create'
collect2: error: ld returned 1 exit status
CMakeFiles/cmTC_3757d.dir/build.make:97: recipe for target 'cmTC_3757d' failed
make[1]: *** [cmTC_3757d] Error 1
make[1]: Leaving directory '/home/dronelaptop/bebop_ws/build/vicon_odom/CMakeFiles/CMakeTmp'
Makefile:126: recipe for target 'cmTC_3757d/fast' failed
make: *** [cmTC_3757d/fast] Error 2

File /home/dronelaptop/bebop_ws/build/vicon_odom/CMakeFiles/CMakeTmp/CheckSymbolExists.c:
/* */
#include <pthread.h>

int main(int argc, char** argv)
{
  (void)argv;
#ifndef pthread_create
  return ((int*)(&pthread_create))[argc];
#else
  (void)argc;
  return 0;
#endif
}

Determining if the function pthread_create exists in the pthreads failed with the following output:
Change Dir: /home/dronelaptop/bebop_ws/build/vicon_odom/CMakeFiles/CMakeTmp

Run Build Command:"/usr/bin/make" "cmTC_b573f/fast"
/usr/bin/make -f CMakeFiles/cmTC_b573f.dir/build.make CMakeFiles/cmTC_b573f.dir/build
make[1]: Entering directory '/home/dronelaptop/bebop_ws/build/vicon_odom/CMakeFiles/CMakeTmp'
Building C object CMakeFiles/cmTC_b573f.dir/CheckFunctionExists.c.o
/usr/bin/cc    -DCHECK_FUNCTION_EXISTS=pthread_create   -o CMakeFiles/cmTC_b573f.dir/CheckFunctionExists.c.o   -c /usr/share/cmake-3.5/Modules/CheckFunctionExists.c
Linking C executable cmTC_b573f
/usr/bin/cmake -E cmake_link_script CMakeFiles/cmTC_b573f.dir/link.txt --verbose=1
/usr/bin/cc   -DCHECK_FUNCTION_EXISTS=pthread_create    CMakeFiles/cmTC_b573f.dir/CheckFunctionExists.c.o  -o cmTC_b573f -rdynamic -lpthreads 
/usr/bin/ld: cannot find -lpthreads
collect2: error: ld returned 1 exit status
CMakeFiles/cmTC_b573f.dir/build.make:97: recipe for target 'cmTC_b573f' failed
make[1]: *** [cmTC_b573f] Error 1
make[1]: Leaving directory '/home/dronelaptop/bebop_ws/build/vicon_odom/CMakeFiles/CMakeTmp'
Makefile:126: recipe for target 'cmTC_b573f/fast' failed
make: *** [cmTC_b573f/fast] Error 2


