[35m[1mScanning dependencies of target _vicon_generate_messages_check_deps_Markers[0m
[35m[1mScanning dependencies of target geometry_msgs_generate_messages_nodejs[0m
[35m[1mScanning dependencies of target _vicon_generate_messages_check_deps_SetPose[0m
[35m[1mScanning dependencies of target _vicon_generate_messages_check_deps_Marker[0m
[  0%] Built target geometry_msgs_generate_messages_nodejs
[35m[1mScanning dependencies of target nav_msgs_generate_messages_nodejs[0m
[  0%] Built target nav_msgs_generate_messages_nodejs
[  0%] Built target _vicon_generate_messages_check_deps_Markers
[35m[1mScanning dependencies of target _vicon_generate_messages_check_deps_Subject[0m
[  0%] Built target _vicon_generate_messages_check_deps_SetPose
[35m[1mScanning dependencies of target geometry_msgs_generate_messages_lisp[0m
[  0%] Built target _vicon_generate_messages_check_deps_Marker
[35m[1mScanning dependencies of target nav_msgs_generate_messages_lisp[0m
[  0%] Built target geometry_msgs_generate_messages_lisp
[35m[1mScanning dependencies of target geometry_msgs_generate_messages_eus[0m
[  0%] Built target nav_msgs_generate_messages_lisp
[35m[1mScanning dependencies of target nav_msgs_generate_messages_eus[0m
[  0%] Built target geometry_msgs_generate_messages_eus
[35m[1mScanning dependencies of target roscpp_generate_messages_lisp[0m
[  0%] Built target nav_msgs_generate_messages_eus
[35m[1mScanning dependencies of target roscpp_generate_messages_cpp[0m
[  0%] Built target _vicon_generate_messages_check_deps_Subject
[  0%] Built target roscpp_generate_messages_lisp
[35m[1mScanning dependencies of target actionlib_msgs_generate_messages_py[0m
[  0%] Built target roscpp_generate_messages_cpp
[35m[1mScanning dependencies of target rosgraph_msgs_generate_messages_py[0m
[35m[1mScanning dependencies of target rosgraph_msgs_generate_messages_lisp[0m
[  0%] Built target actionlib_msgs_generate_messages_py
[  0%] Built target rosgraph_msgs_generate_messages_py
[35m[1mScanning dependencies of target std_srvs_generate_messages_cpp[0m
[  0%] Built target rosgraph_msgs_generate_messages_lisp
[35m[1mScanning dependencies of target roscpp_generate_messages_nodejs[0m
[35m[1mScanning dependencies of target nav_msgs_generate_messages_cpp[0m
[  0%] Built target std_srvs_generate_messages_cpp
[35m[1mScanning dependencies of target geometry_msgs_generate_messages_cpp[0m
[  0%] Built target roscpp_generate_messages_nodejs
[  0%] Built target nav_msgs_generate_messages_cpp
[35m[1mScanning dependencies of target rosgraph_msgs_generate_messages_nodejs[0m
[  0%] Built target geometry_msgs_generate_messages_cpp
[35m[1mScanning dependencies of target rosgraph_msgs_generate_messages_cpp[0m
[35m[1mScanning dependencies of target actionlib_msgs_generate_messages_cpp[0m
[35m[1mScanning dependencies of target std_msgs_generate_messages_cpp[0m
[  0%] Built target rosgraph_msgs_generate_messages_nodejs
[  0%] Built target rosgraph_msgs_generate_messages_cpp
[  0%] Built target actionlib_msgs_generate_messages_cpp
[  0%] Built target std_msgs_generate_messages_cpp
[35m[1mScanning dependencies of target actionlib_msgs_generate_messages_eus[0m
[35m[1mScanning dependencies of target std_msgs_generate_messages_lisp[0m
[35m[1mScanning dependencies of target roscpp_generate_messages_eus[0m
[35m[1mScanning dependencies of target std_srvs_generate_messages_lisp[0m
[  0%] Built target actionlib_msgs_generate_messages_eus
[  0%] Built target std_msgs_generate_messages_lisp
[  0%] Built target std_srvs_generate_messages_lisp
[  0%] Built target roscpp_generate_messages_eus
[35m[1mScanning dependencies of target std_msgs_generate_messages_eus[0m
[35m[1mScanning dependencies of target std_srvs_generate_messages_py[0m
[35m[1mScanning dependencies of target rosgraph_msgs_generate_messages_eus[0m
[35m[1mScanning dependencies of target roscpp_generate_messages_py[0m
[  0%] Built target std_srvs_generate_messages_py
[  0%] Built target std_msgs_generate_messages_eus
[  0%] Built target rosgraph_msgs_generate_messages_eus
[  0%] Built target roscpp_generate_messages_py
[35m[1mScanning dependencies of target geometry_msgs_generate_messages_py[0m
[35m[1mScanning dependencies of target std_msgs_generate_messages_nodejs[0m
[35m[1mScanning dependencies of target std_srvs_generate_messages_eus[0m
[35m[1mScanning dependencies of target std_msgs_generate_messages_py[0m
[  0%] Built target geometry_msgs_generate_messages_py
[  0%] Built target std_msgs_generate_messages_nodejs
[  0%] Built target std_srvs_generate_messages_eus
[  0%] Built target std_msgs_generate_messages_py
[35m[1mScanning dependencies of target nav_msgs_generate_messages_py[0m
[35m[1mScanning dependencies of target actionlib_msgs_generate_messages_lisp[0m
[35m[1mScanning dependencies of target actionlib_msgs_generate_messages_nodejs[0m
[35m[1mScanning dependencies of target std_srvs_generate_messages_nodejs[0m
[  0%] Built target nav_msgs_generate_messages_py
[  0%] Built target actionlib_msgs_generate_messages_lisp
[  0%] Built target actionlib_msgs_generate_messages_nodejs
[  0%] Built target std_srvs_generate_messages_nodejs
[35m[1mScanning dependencies of target vicon_generate_messages_nodejs[0m
[35m[1mScanning dependencies of target vicon_generate_messages_lisp[0m
[35m[1mScanning dependencies of target vicon_generate_messages_eus[0m
[35m[1mScanning dependencies of target vicon_generate_messages_cpp[0m
[  3%] [34m[1mGenerating Javascript code from vicon/Subject.msg[0m
[  6%] [34m[1mGenerating Lisp code from vicon/Subject.msg[0m
[ 10%] [34m[1mGenerating EusLisp code from vicon/Subject.msg[0m
[ 13%] [34m[1mGenerating C++ code from vicon/Subject.msg[0m
[ 17%] [34m[1mGenerating Lisp code from vicon/Marker.msg[0m
[ 20%] [34m[1mGenerating Javascript code from vicon/Marker.msg[0m
[ 24%] [34m[1mGenerating EusLisp code from vicon/Marker.msg[0m
[ 27%] [34m[1mGenerating Lisp code from vicon/Markers.msg[0m
[ 31%] [34m[1mGenerating Javascript code from vicon/Markers.msg[0m
[ 34%] [34m[1mGenerating EusLisp code from vicon/Markers.msg[0m
[ 37%] [34m[1mGenerating Lisp code from vicon/SetPose.srv[0m
[ 41%] [34m[1mGenerating Javascript code from vicon/SetPose.srv[0m
[ 44%] [34m[1mGenerating EusLisp code from vicon/SetPose.srv[0m
[ 48%] [34m[1mGenerating C++ code from vicon/Marker.msg[0m
[ 48%] Built target vicon_generate_messages_lisp
[35m[1mScanning dependencies of target vicon_generate_messages_py[0m
[ 48%] Built target vicon_generate_messages_nodejs
[ 51%] [34m[1mGenerating EusLisp manifest code for vicon[0m
[ 55%] [34m[1mGenerating Python from MSG vicon/Subject[0m
[ 58%] [34m[1mGenerating Python from MSG vicon/Marker[0m
[ 62%] [34m[1mGenerating Python from MSG vicon/Markers[0m
[ 65%] [34m[1mGenerating Python code from SRV vicon/SetPose[0m
[ 68%] [34m[1mGenerating C++ code from vicon/Markers.msg[0m
[ 72%] [34m[1mGenerating Python msg __init__.py for vicon[0m
[ 75%] [34m[1mGenerating Python srv __init__.py for vicon[0m
[ 79%] [34m[1mGenerating C++ code from vicon/SetPose.srv[0m
[ 79%] Built target vicon_generate_messages_py
[ 79%] Built target vicon_generate_messages_cpp
[ 79%] Built target vicon_generate_messages_eus
[35m[1mScanning dependencies of target vicon_generate_messages[0m
[35m[1mScanning dependencies of target vicon_calibrate[0m
[35m[1mScanning dependencies of target vicon_visualize_markers[0m
[35m[1mScanning dependencies of target vicon[0m
[ 79%] Built target vicon_generate_messages
[ 82%] [32mBuilding CXX object CMakeFiles/vicon_visualize_markers.dir/src/visualize_markers.cpp.o[0m
[ 86%] [32mBuilding CXX object CMakeFiles/vicon.dir/src/vicon.cpp.o[0m
[ 89%] [32mBuilding CXX object CMakeFiles/vicon_calibrate.dir/src/vicon_calibrate.cpp.o[0m
[ 93%] [32m[1mLinking CXX executable /home/dronelaptop/bebop_ws/devel/.private/vicon/lib/vicon/vicon_visualize_markers[0m
[ 93%] Built target vicon_visualize_markers
[ 96%] [32m[1mLinking CXX executable /home/dronelaptop/bebop_ws/devel/.private/vicon/lib/vicon/vicon_calibrate[0m
[ 96%] Built target vicon_calibrate
[100%] [32m[1mLinking CXX executable /home/dronelaptop/bebop_ws/devel/.private/vicon/lib/vicon/vicon[0m
[100%] Built target vicon
